{"name":"Animation","level":"info","message":"POST request"}
{"level":"info","message":"POST request"}
{"level":"error","message":"Cannot read property 'names' of undefinedCannot read property 'names' of undefined","stack":"TypeError: Cannot read property 'names' of undefined\n    at /Users/deepakrout/Home/nodeExpressApiProjects/nodeAuth/routes/genres.js:30:44\n    at /Users/deepakrout/Home/nodeExpressApiProjects/nodeAuth/middleware/async.js:4:19\n    at Layer.handle [as handle_request] (/Users/deepakrout/Home/nodeExpressApiProjects/nodeAuth/node_modules/express/lib/router/layer.js:95:5)\n    at next (/Users/deepakrout/Home/nodeExpressApiProjects/nodeAuth/node_modules/express/lib/router/route.js:137:13)\n    at module.exports (/Users/deepakrout/Home/nodeExpressApiProjects/nodeAuth/middleware/auth.js:13:9)\n    at Layer.handle [as handle_request] (/Users/deepakrout/Home/nodeExpressApiProjects/nodeAuth/node_modules/express/lib/router/layer.js:95:5)\n    at next (/Users/deepakrout/Home/nodeExpressApiProjects/nodeAuth/node_modules/express/lib/router/route.js:137:13)\n    at Route.dispatch (/Users/deepakrout/Home/nodeExpressApiProjects/nodeAuth/node_modules/express/lib/router/route.js:112:3)\n    at Layer.handle [as handle_request] (/Users/deepakrout/Home/nodeExpressApiProjects/nodeAuth/node_modules/express/lib/router/layer.js:95:5)\n    at /Users/deepakrout/Home/nodeExpressApiProjects/nodeAuth/node_modules/express/lib/router/index.js:281:22\n    at Function.process_params (/Users/deepakrout/Home/nodeExpressApiProjects/nodeAuth/node_modules/express/lib/router/index.js:335:12)\n    at next (/Users/deepakrout/Home/nodeExpressApiProjects/nodeAuth/node_modules/express/lib/router/index.js:275:10)\n    at Function.handle (/Users/deepakrout/Home/nodeExpressApiProjects/nodeAuth/node_modules/express/lib/router/index.js:174:3)\n    at router (/Users/deepakrout/Home/nodeExpressApiProjects/nodeAuth/node_modules/express/lib/router/index.js:47:12)\n    at newFn (/Users/deepakrout/Home/nodeExpressApiProjects/nodeAuth/node_modules/express-async-errors/index.js:16:20)\n    at Layer.handle [as handle_request] (/Users/deepakrout/Home/nodeExpressApiProjects/nodeAuth/node_modules/express/lib/router/layer.js:95:5)\n    at trim_prefix (/Users/deepakrout/Home/nodeExpressApiProjects/nodeAuth/node_modules/express/lib/router/index.js:317:13)\n    at /Users/deepakrout/Home/nodeExpressApiProjects/nodeAuth/node_modules/express/lib/router/index.js:284:7\n    at Function.process_params (/Users/deepakrout/Home/nodeExpressApiProjects/nodeAuth/node_modules/express/lib/router/index.js:335:12)\n    at next (/Users/deepakrout/Home/nodeExpressApiProjects/nodeAuth/node_modules/express/lib/router/index.js:275:10)\n    at /Users/deepakrout/Home/nodeExpressApiProjects/nodeAuth/node_modules/body-parser/lib/read.js:130:5\n    at invokeCallback (/Users/deepakrout/Home/nodeExpressApiProjects/nodeAuth/node_modules/raw-body/index.js:224:16)"}
{"level":"info","message":"POST request"}
{"level":"error","message":"Cannot read property 'name' of undefinedCannot read property 'name' of undefined","stack":"TypeError: Cannot read property 'name' of undefined\n    at /Users/deepakrout/Home/nodeExpressApiProjects/nodeAuth/routes/genres.js:30:44\n    at /Users/deepakrout/Home/nodeExpressApiProjects/nodeAuth/middleware/async.js:4:19\n    at Layer.handle [as handle_request] (/Users/deepakrout/Home/nodeExpressApiProjects/nodeAuth/node_modules/express/lib/router/layer.js:95:5)\n    at next (/Users/deepakrout/Home/nodeExpressApiProjects/nodeAuth/node_modules/express/lib/router/route.js:137:13)\n    at module.exports (/Users/deepakrout/Home/nodeExpressApiProjects/nodeAuth/middleware/auth.js:13:9)\n    at Layer.handle [as handle_request] (/Users/deepakrout/Home/nodeExpressApiProjects/nodeAuth/node_modules/express/lib/router/layer.js:95:5)\n    at next (/Users/deepakrout/Home/nodeExpressApiProjects/nodeAuth/node_modules/express/lib/router/route.js:137:13)\n    at Route.dispatch (/Users/deepakrout/Home/nodeExpressApiProjects/nodeAuth/node_modules/express/lib/router/route.js:112:3)\n    at Layer.handle [as handle_request] (/Users/deepakrout/Home/nodeExpressApiProjects/nodeAuth/node_modules/express/lib/router/layer.js:95:5)\n    at /Users/deepakrout/Home/nodeExpressApiProjects/nodeAuth/node_modules/express/lib/router/index.js:281:22\n    at Function.process_params (/Users/deepakrout/Home/nodeExpressApiProjects/nodeAuth/node_modules/express/lib/router/index.js:335:12)\n    at next (/Users/deepakrout/Home/nodeExpressApiProjects/nodeAuth/node_modules/express/lib/router/index.js:275:10)\n    at Function.handle (/Users/deepakrout/Home/nodeExpressApiProjects/nodeAuth/node_modules/express/lib/router/index.js:174:3)\n    at router (/Users/deepakrout/Home/nodeExpressApiProjects/nodeAuth/node_modules/express/lib/router/index.js:47:12)\n    at newFn (/Users/deepakrout/Home/nodeExpressApiProjects/nodeAuth/node_modules/express-async-errors/index.js:16:20)\n    at Layer.handle [as handle_request] (/Users/deepakrout/Home/nodeExpressApiProjects/nodeAuth/node_modules/express/lib/router/layer.js:95:5)\n    at trim_prefix (/Users/deepakrout/Home/nodeExpressApiProjects/nodeAuth/node_modules/express/lib/router/index.js:317:13)\n    at /Users/deepakrout/Home/nodeExpressApiProjects/nodeAuth/node_modules/express/lib/router/index.js:284:7\n    at Function.process_params (/Users/deepakrout/Home/nodeExpressApiProjects/nodeAuth/node_modules/express/lib/router/index.js:335:12)\n    at next (/Users/deepakrout/Home/nodeExpressApiProjects/nodeAuth/node_modules/express/lib/router/index.js:275:10)\n    at /Users/deepakrout/Home/nodeExpressApiProjects/nodeAuth/node_modules/body-parser/lib/read.js:130:5\n    at invokeCallback (/Users/deepakrout/Home/nodeExpressApiProjects/nodeAuth/node_modules/raw-body/index.js:224:16)"}
{"level":"info","message":"POST request"}
{"level":"error","message":"Cannot read property 'name' of undefinedCannot read property 'name' of undefined","stack":"TypeError: Cannot read property 'name' of undefined\n    at /Users/deepakrout/Home/nodeExpressApiProjects/nodeAuth/routes/genres.js:30:44\n    at /Users/deepakrout/Home/nodeExpressApiProjects/nodeAuth/middleware/async.js:4:19\n    at Layer.handle [as handle_request] (/Users/deepakrout/Home/nodeExpressApiProjects/nodeAuth/node_modules/express/lib/router/layer.js:95:5)\n    at next (/Users/deepakrout/Home/nodeExpressApiProjects/nodeAuth/node_modules/express/lib/router/route.js:137:13)\n    at module.exports (/Users/deepakrout/Home/nodeExpressApiProjects/nodeAuth/middleware/auth.js:13:9)\n    at Layer.handle [as handle_request] (/Users/deepakrout/Home/nodeExpressApiProjects/nodeAuth/node_modules/express/lib/router/layer.js:95:5)\n    at next (/Users/deepakrout/Home/nodeExpressApiProjects/nodeAuth/node_modules/express/lib/router/route.js:137:13)\n    at Route.dispatch (/Users/deepakrout/Home/nodeExpressApiProjects/nodeAuth/node_modules/express/lib/router/route.js:112:3)\n    at Layer.handle [as handle_request] (/Users/deepakrout/Home/nodeExpressApiProjects/nodeAuth/node_modules/express/lib/router/layer.js:95:5)\n    at /Users/deepakrout/Home/nodeExpressApiProjects/nodeAuth/node_modules/express/lib/router/index.js:281:22\n    at Function.process_params (/Users/deepakrout/Home/nodeExpressApiProjects/nodeAuth/node_modules/express/lib/router/index.js:335:12)\n    at next (/Users/deepakrout/Home/nodeExpressApiProjects/nodeAuth/node_modules/express/lib/router/index.js:275:10)\n    at Function.handle (/Users/deepakrout/Home/nodeExpressApiProjects/nodeAuth/node_modules/express/lib/router/index.js:174:3)\n    at router (/Users/deepakrout/Home/nodeExpressApiProjects/nodeAuth/node_modules/express/lib/router/index.js:47:12)\n    at newFn (/Users/deepakrout/Home/nodeExpressApiProjects/nodeAuth/node_modules/express-async-errors/index.js:16:20)\n    at Layer.handle [as handle_request] (/Users/deepakrout/Home/nodeExpressApiProjects/nodeAuth/node_modules/express/lib/router/layer.js:95:5)\n    at trim_prefix (/Users/deepakrout/Home/nodeExpressApiProjects/nodeAuth/node_modules/express/lib/router/index.js:317:13)\n    at /Users/deepakrout/Home/nodeExpressApiProjects/nodeAuth/node_modules/express/lib/router/index.js:284:7\n    at Function.process_params (/Users/deepakrout/Home/nodeExpressApiProjects/nodeAuth/node_modules/express/lib/router/index.js:335:12)\n    at next (/Users/deepakrout/Home/nodeExpressApiProjects/nodeAuth/node_modules/express/lib/router/index.js:275:10)\n    at /Users/deepakrout/Home/nodeExpressApiProjects/nodeAuth/node_modules/body-parser/lib/read.js:130:5\n    at invokeCallback (/Users/deepakrout/Home/nodeExpressApiProjects/nodeAuth/node_modules/raw-body/index.js:224:16)"}
{"level":"error","message":"Cannot read property 'name' of undefinedCannot read property 'name' of undefined","stack":"TypeError: Cannot read property 'name' of undefined\n    at /Users/deepakrout/Home/nodeExpressApiProjects/nodeAuth/routes/genres.js:30:44\n    at /Users/deepakrout/Home/nodeExpressApiProjects/nodeAuth/middleware/async.js:4:19\n    at Layer.handle [as handle_request] (/Users/deepakrout/Home/nodeExpressApiProjects/nodeAuth/node_modules/express/lib/router/layer.js:95:5)\n    at next (/Users/deepakrout/Home/nodeExpressApiProjects/nodeAuth/node_modules/express/lib/router/route.js:137:13)\n    at module.exports (/Users/deepakrout/Home/nodeExpressApiProjects/nodeAuth/middleware/auth.js:13:9)\n    at Layer.handle [as handle_request] (/Users/deepakrout/Home/nodeExpressApiProjects/nodeAuth/node_modules/express/lib/router/layer.js:95:5)\n    at next (/Users/deepakrout/Home/nodeExpressApiProjects/nodeAuth/node_modules/express/lib/router/route.js:137:13)\n    at Route.dispatch (/Users/deepakrout/Home/nodeExpressApiProjects/nodeAuth/node_modules/express/lib/router/route.js:112:3)\n    at Layer.handle [as handle_request] (/Users/deepakrout/Home/nodeExpressApiProjects/nodeAuth/node_modules/express/lib/router/layer.js:95:5)\n    at /Users/deepakrout/Home/nodeExpressApiProjects/nodeAuth/node_modules/express/lib/router/index.js:281:22\n    at Function.process_params (/Users/deepakrout/Home/nodeExpressApiProjects/nodeAuth/node_modules/express/lib/router/index.js:335:12)\n    at next (/Users/deepakrout/Home/nodeExpressApiProjects/nodeAuth/node_modules/express/lib/router/index.js:275:10)\n    at Function.handle (/Users/deepakrout/Home/nodeExpressApiProjects/nodeAuth/node_modules/express/lib/router/index.js:174:3)\n    at router (/Users/deepakrout/Home/nodeExpressApiProjects/nodeAuth/node_modules/express/lib/router/index.js:47:12)\n    at newFn (/Users/deepakrout/Home/nodeExpressApiProjects/nodeAuth/node_modules/express-async-errors/index.js:16:20)\n    at Layer.handle [as handle_request] (/Users/deepakrout/Home/nodeExpressApiProjects/nodeAuth/node_modules/express/lib/router/layer.js:95:5)\n    at trim_prefix (/Users/deepakrout/Home/nodeExpressApiProjects/nodeAuth/node_modules/express/lib/router/index.js:317:13)\n    at /Users/deepakrout/Home/nodeExpressApiProjects/nodeAuth/node_modules/express/lib/router/index.js:284:7\n    at Function.process_params (/Users/deepakrout/Home/nodeExpressApiProjects/nodeAuth/node_modules/express/lib/router/index.js:335:12)\n    at next (/Users/deepakrout/Home/nodeExpressApiProjects/nodeAuth/node_modules/express/lib/router/index.js:275:10)\n    at /Users/deepakrout/Home/nodeExpressApiProjects/nodeAuth/node_modules/body-parser/lib/read.js:130:5\n    at invokeCallback (/Users/deepakrout/Home/nodeExpressApiProjects/nodeAuth/node_modules/raw-body/index.js:224:16)"}
{"errors":{"name":{"message":"Path `name` is required.","name":"ValidatorError","properties":{"message":"Path `name` is required.","type":"required","path":"name"},"kind":"required","path":"name"}},"_message":"Genre validation failed","message":"Genre validation failed: name: Path `name` is required.Genre validation failed: name: Path `name` is required.","name":"ValidationError","level":"error","stack":"ValidationError: Genre validation failed: name: Path `name` is required.\n    at new ValidationError (/Users/deepakrout/Home/nodeExpressApiProjects/nodeAuth/node_modules/mongoose/lib/error/validation.js:31:11)\n    at model.Document.invalidate (/Users/deepakrout/Home/nodeExpressApiProjects/nodeAuth/node_modules/mongoose/lib/document.js:2461:32)\n    at p.doValidate.skipSchemaValidators (/Users/deepakrout/Home/nodeExpressApiProjects/nodeAuth/node_modules/mongoose/lib/document.js:2310:17)\n    at /Users/deepakrout/Home/nodeExpressApiProjects/nodeAuth/node_modules/mongoose/lib/schematype.js:1064:9\n    at processTicksAndRejections (internal/process/task_queues.js:75:11)"}
{
  name: 'International',
  level: 'info',
  message: 'POST request',
  label: 'right meow!',
  timestamp: '2019-12-26T16:31:59.585Z'
}
{
  name: 'International',
  level: 'info',
  message: 'POST request',
  label: 'Vidly App!',
  timestamp: '2019-12-26T16:33:57.810Z'
}
{
  errors: {
    name: MongooseError [ValidatorError]: Path `name` is required.
        at new ValidatorError (/Users/deepakrout/Home/nodeExpressApiProjects/nodeAuth/node_modules/mongoose/lib/error/validator.js:29:11)
        at validate (/Users/deepakrout/Home/nodeExpressApiProjects/nodeAuth/node_modules/mongoose/lib/schematype.js:1061:13)
        at /Users/deepakrout/Home/nodeExpressApiProjects/nodeAuth/node_modules/mongoose/lib/schematype.js:1115:11
        at Array.forEach (<anonymous>)
        at SchemaString.SchemaType.doValidate (/Users/deepakrout/Home/nodeExpressApiProjects/nodeAuth/node_modules/mongoose/lib/schematype.js:1070:14)
        at /Users/deepakrout/Home/nodeExpressApiProjects/nodeAuth/node_modules/mongoose/lib/document.js:2303:9
        at processTicksAndRejections (internal/process/task_queues.js:75:11) {
      message: 'Path `name` is required.',
      name: 'ValidatorError',
      properties: {
        validator: [Function],
        message: 'Path `name` is required.',
        type: 'required',
        path: 'name',
        value: undefined
      },
      kind: 'required',
      path: 'name',
      value: undefined,
      reason: undefined,
      [Symbol(mongoose:validatorError)]: true
    }
  },
  _message: 'Genre validation failed',
  message: 'Genre validation failed: name: Path `name` is required.Genre validation failed: name: Path `name` is required.',
  name: 'ValidationError',
  level: 'error',
  stack: 'ValidationError: Genre validation failed: name: Path `name` is required.\n' +
    '    at new ValidationError (/Users/deepakrout/Home/nodeExpressApiProjects/nodeAuth/node_modules/mongoose/lib/error/validation.js:31:11)\n' +
    '    at model.Document.invalidate (/Users/deepakrout/Home/nodeExpressApiProjects/nodeAuth/node_modules/mongoose/lib/document.js:2461:32)\n' +
    '    at p.doValidate.skipSchemaValidators (/Users/deepakrout/Home/nodeExpressApiProjects/nodeAuth/node_modules/mongoose/lib/document.js:2310:17)\n' +
    '    at /Users/deepakrout/Home/nodeExpressApiProjects/nodeAuth/node_modules/mongoose/lib/schematype.js:1064:9\n' +
    '    at processTicksAndRejections (internal/process/task_queues.js:75:11)',
  label: 'Vidly App!',
  timestamp: '2019-12-26T16:33:57.824Z'
}
{
  level: 'error',
  message: 'Somthing went wrongSomthing went wrong',
  stack: 'Error: Somthing went wrong\n' +
    '    at Object.<anonymous> (/Users/deepakrout/Home/nodeExpressApiProjects/nodeAuth/index.js:33:7)\n' +
    '    at Module._compile (internal/modules/cjs/loader.js:936:30)\n' +
    '    at Object.Module._extensions..js (internal/modules/cjs/loader.js:947:10)\n' +
    '    at Module.load (internal/modules/cjs/loader.js:790:32)\n' +
    '    at Function.Module._load (internal/modules/cjs/loader.js:703:12)\n' +
    '    at Function.Module.runMain (internal/modules/cjs/loader.js:999:10)\n' +
    '    at internal/main/run_main_module.js:17:11',
  label: 'Vidly App!',
  timestamp: '2019-12-26T23:47:06.795Z'
}
{
  level: 'error',
  message: 'Somthing went wrongSomthing went wrong',
  stack: 'Error: Somthing went wrong\n' +
    '    at Object.<anonymous> (/Users/deepakrout/Home/nodeExpressApiProjects/nodeAuth/index.js:33:7)\n' +
    '    at Module._compile (internal/modules/cjs/loader.js:936:30)\n' +
    '    at Object.Module._extensions..js (internal/modules/cjs/loader.js:947:10)\n' +
    '    at Module.load (internal/modules/cjs/loader.js:790:32)\n' +
    '    at Function.Module._load (internal/modules/cjs/loader.js:703:12)\n' +
    '    at Function.Module.runMain (internal/modules/cjs/loader.js:999:10)\n' +
    '    at internal/main/run_main_module.js:17:11',
  label: 'Vidly App!',
  timestamp: '2019-12-26T23:47:15.343Z'
}
{
  level: 'error',
  message: 'Something failed!Something failed!',
  stack: 'Error: Something failed!\n' +
    '    at Object.<anonymous> (/Users/deepakrout/Home/nodeExpressApiProjects/nodeAuth/index.js:38:26)\n' +
    '    at Module._compile (internal/modules/cjs/loader.js:936:30)\n' +
    '    at Object.Module._extensions..js (internal/modules/cjs/loader.js:947:10)\n' +
    '    at Module.load (internal/modules/cjs/loader.js:790:32)\n' +
    '    at Function.Module._load (internal/modules/cjs/loader.js:703:12)\n' +
    '    at Function.Module.runMain (internal/modules/cjs/loader.js:999:10)\n' +
    '    at internal/main/run_main_module.js:17:11',
  label: 'Vidly App!',
  timestamp: '2019-12-26T23:53:33.699Z'
}
{
  message: 'Connected to MongoDB....',
  level: 'info',
  label: 'Vidly App!',
  timestamp: '2019-12-27T00:54:01.694Z'
}
{
  message: 'Connected to MongoDB....',
  level: 'info',
  label: 'Vidly App!',
  timestamp: '2019-12-27T00:57:23.752Z'
}
{
  message: 'Connected to MongoDB....',
  level: 'info',
  label: 'Vidly App!',
  timestamp: '2019-12-27T00:59:57.085Z'
}
{
  message: 'Connected to MongoDB....',
  level: 'info',
  label: 'Vidly App!',
  timestamp: '2019-12-27T01:00:12.947Z'
}
{
  message: 'Connected to MongoDB....',
  level: 'info',
  label: 'Vidly App!',
  timestamp: '2019-12-27T01:00:27.351Z'
}
{
  message: 'Connected to MongoDB....',
  level: 'info',
  label: 'Vidly App!',
  timestamp: '2019-12-27T01:01:42.315Z'
}
{
  message: 'Connected to MongoDB....',
  level: 'info',
  label: 'Vidly App!',
  timestamp: '2019-12-27T01:02:05.643Z'
}
{
  message: 'Connected to MongoDB....',
  level: 'info',
  label: 'Vidly App!',
  timestamp: '2019-12-27T01:02:16.047Z'
}
{
  message: 'Connected to MongoDB....',
  level: 'info',
  label: 'Vidly App!',
  timestamp: '2019-12-27T01:02:24.162Z'
}
{
  message: 'Connected to MongoDB....',
  level: 'info',
  label: 'Vidly App!',
  timestamp: '2019-12-27T01:02:59.654Z'
}
{
  message: 'Connected to MongoDB....',
  level: 'info',
  label: 'Vidly App!',
  timestamp: '2019-12-27T01:03:43.584Z'
}
{
  message: 'Connected to MongoDB....',
  level: 'info',
  label: 'Vidly App!',
  timestamp: '2019-12-27T01:03:45.863Z'
}
{
  message: 'Connected to MongoDB....',
  level: 'info',
  label: 'Vidly App!',
  timestamp: '2019-12-27T01:04:29.171Z'
}
{
  message: 'Connected to MongoDB....',
  level: 'info',
  label: 'Vidly App!',
  timestamp: '2019-12-27T01:04:44.361Z'
}
{
  message: 'Listening on port 3000...',
  level: 'info',
  label: 'Vidly App!',
  timestamp: '2019-12-27T01:05:17.844Z'
}
{
  message: 'Connected to MongoDB....',
  level: 'info',
  label: 'Vidly App!',
  timestamp: '2019-12-27T01:05:18.042Z'
}
{
  message: 'Listening on port 3000...',
  level: 'info',
  label: 'Vidly App!',
  timestamp: '2019-12-27T01:06:55.225Z'
}
{
  message: 'Connected to MongoDB....',
  level: 'info',
  label: 'Vidly App!',
  timestamp: '2019-12-27T01:06:55.474Z'
}
{
  message: 'Listening on port 3000...',
  level: 'info',
  label: 'Vidly App!',
  timestamp: '2019-12-27T01:07:00.752Z'
}
{
  message: 'Connected to MongoDB....',
  level: 'info',
  label: 'Vidly App!',
  timestamp: '2019-12-27T01:07:01.002Z'
}
{
  message: 'Listening on port 3000...',
  level: 'info',
  label: 'Vidly App!',
  timestamp: '2019-12-27T01:09:32.439Z'
}
{
  message: 'Connected to MongoDB....',
  level: 'info',
  label: 'Vidly App!',
  timestamp: '2019-12-27T01:09:32.731Z'
}
{
  message: 'Listening on port 3000...',
  level: 'info',
  label: 'Vidly App!',
  timestamp: '2019-12-27T01:11:59.132Z'
}
{
  message: 'Connected to MongoDB....',
  level: 'info',
  label: 'Vidly App!',
  timestamp: '2019-12-27T01:11:59.459Z'
}
